1552333999562	itp/device_xx/temperature	71.9
1552333999576	itp/device_xx/humidity	43
1552334019548	itp/device_xx/temperature	72.7
1552334019552	itp/device_xx/humidity	46
1552334039687	itp/device_xx/temperature	73.4
1552334039691	itp/device_xx/humidity	43
1552334059598	itp/device_xx/temperature	70.8
1552334059601	itp/device_xx/humidity	44
1552334079558	itp/device_xx/temperature	70.3
1552334079562	itp/device_xx/humidity	44
1552334099565	itp/device_xx/temperature	73.2
1552334099569	itp/device_xx/humidity	46
1552334119573	itp/device_xx/temperature	71.0
1552334119577	itp/device_xx/humidity	43
1552334139574	itp/device_xx/temperature	70.7
1552334139579	itp/device_xx/humidity	44
1552334159747	itp/device_xx/temperature	71.7
1552334159752	itp/device_xx/humidity	43
1552334161508	itp/device_nw/distance	62
1552334179582	itp/device_xx/temperature	73.8
1552334179587	itp/device_xx/humidity	48
1552334199585	itp/device_xx/temperature	71.0
1552334199588	itp/device_xx/humidity	43
1552334219597	itp/device_xx/temperature	69.5
1552334219602	itp/device_xx/humidity	44
1552334239598	itp/device_xx/temperature	70.1
1552334239602	itp/device_xx/humidity	47
1552334247121	itp/device_ef4/temperature	79.34
1552334247121	itp/device_ef4/humidity	25.80
1552334259746	itp/device_xx/temperature	72.3
1552334259750	itp/device_xx/humidity	43
1552334279627	itp/device_xx/temperature	70.6
1552334279643	itp/device_xx/humidity	43
1552334299609	itp/device_xx/temperature	72.5
1552334299615	itp/device_xx/humidity	43
1552334319671	itp/device_xx/temperature	69.4
1552334319768	itp/device_xx/humidity	46
1552334339782	itp/device_xx/temperature	72.4
1552334339788	itp/device_xx/humidity	46
1552334357038	itp/device_en/temperature	78.62
1552334357045	itp/device_en/humidity	24.00
1552334357075	itp/device_en/red	94
1552334357084	itp/device_en/green	125
1552334357096	itp/device_en/blue	117
1552334359805	itp/device_xx/temperature	73.4
1552334359814	itp/device_xx/humidity	44
1552334379623	itp/device_xx/temperature	70.5
1552334379626	itp/device_xx/humidity	46
1552334399634	itp/device_xx/temperature	70.5
1552334399639	itp/device_xx/humidity	46
1552334419870	itp/device_xx/temperature	71.2
1552334419923	itp/device_xx/humidity	45
1552334439851	itp/device_xx/temperature	70.3
1552334439858	itp/device_xx/humidity	45
